---------------------INICIO---------------------
Arranque:
2018-06-20 16:50:26.261
[COM:0 , Baud-rate:57600 , PA:200 microssegundos , PM:3000 milissegundos , NS:200 , PORTA_SOCKETS_SENSOR:2222 , IP_GESTOR:127.0.0.1 , PORTA_SOCKETS_GESTOR7778 , PORTA_SOCKETS_CON61000]
Sensor simulado conectado!

DATA: [Tipo:10 ; End.Ard:3 ; TS:2858 ; PM:3000 ; PA:200 ; NS:200]

DATA: [Tipo:10 ; End.Ard:3 ; TS:5858 ; PM:3000 ; PA:200 ; NS:200]

DATA: [Tipo:10 ; End.Ard:3 ; TS:8858 ; PM:3000 ; PA:200 ; NS:200]

DATA: [Tipo:10 ; End.Ard:3 ; TS:11858 ; PM:3000 ; PA:200 ; NS:200]

DATA: [Tipo:10 ; End.Ard:3 ; TS:14858 ; PM:3000 ; PA:200 ; NS:200]

DATA: [Tipo:10 ; End.Ard:3 ; TS:17858 ; PM:3000 ; PA:200 ; NS:200]

DATA: [Tipo:10 ; End.Ard:3 ; TS:20858 ; PM:3000 ; PA:200 ; NS:200]

DATA: [Tipo:10 ; End.Ard:3 ; TS:23858 ; PM:3000 ; PA:200 ; NS:200]

DATA: [Tipo:10 ; End.Ard:3 ; TS:26858 ; PM:3000 ; PA:200 ; NS:200]

DATA: [Tipo:10 ; End.Ard:3 ; TS:29858 ; PM:3000 ; PA:200 ; NS:200]

DATA: [Tipo:10 ; End.Ard:3 ; TS:32858 ; PM:3000 ; PA:200 ; NS:200]

DATA: [Tipo:10 ; End.Ard:3 ; TS:35858 ; PM:3000 ; PA:200 ; NS:200]

DATA: [Tipo:10 ; End.Ard:3 ; TS:38858 ; PM:3000 ; PA:200 ; NS:200]

DATA: [Tipo:10 ; End.Ard:3 ; TS:41858 ; PM:3000 ; PA:200 ; NS:200]

DATA: [Tipo:10 ; End.Ard:3 ; TS:44858 ; PM:3000 ; PA:200 ; NS:200]

DATA: [Tipo:10 ; End.Ard:3 ; TS:47858 ; PM:3000 ; PA:200 ; NS:200]

DATA: [Tipo:10 ; End.Ard:3 ; TS:50858 ; PM:3000 ; PA:200 ; NS:200]
Sensor 3 desligado!!
---------------------INICIO---------------------
Arranque:
2018-06-20 19:46:38.352
[COM:0 , Baud-rate:57600 , PA:200 microssegundos , PM:3000 milissegundos , NS:200 , PORTA_SOCKETS_SENSOR:2222 , IP_GESTOR:127.0.0.1 , PORTA_SOCKETS_GESTOR7778 , PORTA_SOCKETS_CON61000]
Sensor simulado conectado!

DATA: [Tipo:10 ; End.Ard:3 ; TS:1703 ; PM:3000 ; PA:200 ; NS:200]

DATA: [Tipo:10 ; End.Ard:3 ; TS:4703 ; PM:3000 ; PA:200 ; NS:200]

DATA: [Tipo:10 ; End.Ard:3 ; TS:7703 ; PM:3000 ; PA:200 ; NS:200]

DATA: [Tipo:10 ; End.Ard:3 ; TS:10703 ; PM:3000 ; PA:200 ; NS:200]

DATA: [Tipo:10 ; End.Ard:3 ; TS:13703 ; PM:3000 ; PA:200 ; NS:200]

DATA: [Tipo:10 ; End.Ard:3 ; TS:16703 ; PM:3000 ; PA:200 ; NS:200]

DATA: [Tipo:10 ; End.Ard:3 ; TS:19703 ; PM:3000 ; PA:200 ; NS:200]

DATA: [Tipo:10 ; End.Ard:3 ; TS:22703 ; PM:3000 ; PA:200 ; NS:200]

DATA: [Tipo:10 ; End.Ard:3 ; TS:25703 ; PM:3000 ; PA:200 ; NS:200]
Sensor simulado conectado!

DATA: [Tipo:10 ; End.Ard:4 ; TS:28905 ; PM:3000 ; PA:200 ; NS:200]

DATA: [Tipo:10 ; End.Ard:3 ; TS:28703 ; PM:3000 ; PA:200 ; NS:200]

DATA: [Tipo:10 ; End.Ard:4 ; TS:31905 ; PM:3000 ; PA:200 ; NS:200]

DATA: [Tipo:10 ; End.Ard:3 ; TS:31703 ; PM:3000 ; PA:200 ; NS:200]

DATA: [Tipo:10 ; End.Ard:4 ; TS:34905 ; PM:3000 ; PA:200 ; NS:200]

DATA: [Tipo:10 ; End.Ard:3 ; TS:34703 ; PM:3000 ; PA:200 ; NS:200]

DATA: [Tipo:10 ; End.Ard:4 ; TS:37905 ; PM:3000 ; PA:200 ; NS:200]

DATA: [Tipo:10 ; End.Ard:3 ; TS:37703 ; PM:3000 ; PA:200 ; NS:200]

DATA: [Tipo:10 ; End.Ard:4 ; TS:40905 ; PM:3000 ; PA:200 ; NS:200]

DATA: [Tipo:10 ; End.Ard:3 ; TS:40703 ; PM:3000 ; PA:200 ; NS:200]

DATA: [Tipo:10 ; End.Ard:4 ; TS:43905 ; PM:3000 ; PA:200 ; NS:200]

DATA: [Tipo:10 ; End.Ard:3 ; TS:43703 ; PM:3000 ; PA:200 ; NS:200]

DATA: [Tipo:10 ; End.Ard:4 ; TS:46905 ; PM:3000 ; PA:200 ; NS:200]

DATA: [Tipo:10 ; End.Ard:3 ; TS:46703 ; PM:3000 ; PA:200 ; NS:200]

DATA: [Tipo:10 ; End.Ard:3 ; TS:49703 ; PM:3000 ; PA:200 ; NS:200]

DATA: [Tipo:10 ; End.Ard:3 ; TS:52703 ; PM:3000 ; PA:200 ; NS:200]

DATA: [Tipo:10 ; End.Ard:3 ; TS:55703 ; PM:3000 ; PA:200 ; NS:200]

DATA: [Tipo:10 ; End.Ard:3 ; TS:58703 ; PM:3000 ; PA:200 ; NS:200]

DATA: [Tipo:10 ; End.Ard:3 ; TS:61703 ; PM:3000 ; PA:200 ; NS:200]

DATA: [Tipo:10 ; End.Ard:3 ; TS:64703 ; PM:3000 ; PA:200 ; NS:200]

DATA: [Tipo:10 ; End.Ard:3 ; TS:67703 ; PM:3000 ; PA:200 ; NS:200]
Sensor 3 desligado!!
---------------------INICIO---------------------
Arranque:
2018-06-20 19:59:58.857
[COM:0 , Baud-rate:57600 , PA:200 microssegundos , PM:3000 milissegundos , NS:200 , PORTA_SOCKETS_SENSOR:2222 , IP_GESTOR:127.0.0.1 , PORTA_SOCKETS_GESTOR7778 , PORTA_SOCKETS_CON61000]
Sensor simulado conectado!

DATA: [Tipo:10 ; End.Ard:4 ; TS:1468 ; PM:3000 ; PA:200 ; NS:200]

DATA: [Tipo:10 ; End.Ard:4 ; TS:4468 ; PM:3000 ; PA:200 ; NS:200]

DATA: [Tipo:10 ; End.Ard:4 ; TS:7468 ; PM:3000 ; PA:200 ; NS:200]

DATA: [Tipo:10 ; End.Ard:4 ; TS:10468 ; PM:3000 ; PA:200 ; NS:200]

DATA: [Tipo:10 ; End.Ard:4 ; TS:13468 ; PM:3000 ; PA:200 ; NS:200]

DATA: [Tipo:10 ; End.Ard:4 ; TS:16468 ; PM:3000 ; PA:200 ; NS:200]

DATA: [Tipo:10 ; End.Ard:4 ; TS:19468 ; PM:3000 ; PA:200 ; NS:200]
Sensor simulado conectado!

DATA: [Tipo:10 ; End.Ard:3 ; TS:21625 ; PM:3000 ; PA:200 ; NS:200]

DATA: [Tipo:10 ; End.Ard:4 ; TS:22468 ; PM:3000 ; PA:200 ; NS:200]

DATA: [Tipo:10 ; End.Ard:3 ; TS:24625 ; PM:3000 ; PA:200 ; NS:200]

DATA: [Tipo:10 ; End.Ard:4 ; TS:25468 ; PM:3000 ; PA:200 ; NS:200]

DATA: [Tipo:10 ; End.Ard:3 ; TS:27625 ; PM:3000 ; PA:200 ; NS:200]

DATA: [Tipo:10 ; End.Ard:4 ; TS:28468 ; PM:3000 ; PA:200 ; NS:200]

DATA: [Tipo:10 ; End.Ard:3 ; TS:30625 ; PM:3000 ; PA:200 ; NS:200]

DATA: [Tipo:10 ; End.Ard:4 ; TS:31468 ; PM:3000 ; PA:200 ; NS:200]

DATA: [Tipo:10 ; End.Ard:3 ; TS:33625 ; PM:3000 ; PA:200 ; NS:200]

DATA: [Tipo:10 ; End.Ard:4 ; TS:34468 ; PM:3000 ; PA:200 ; NS:200]

DATA: [Tipo:10 ; End.Ard:3 ; TS:36625 ; PM:3000 ; PA:200 ; NS:200]

DATA: [Tipo:10 ; End.Ard:4 ; TS:37468 ; PM:3000 ; PA:200 ; NS:200]

DATA: [Tipo:10 ; End.Ard:3 ; TS:39625 ; PM:3000 ; PA:200 ; NS:200]

DATA: [Tipo:10 ; End.Ard:4 ; TS:40468 ; PM:3000 ; PA:200 ; NS:200]

DATA: [Tipo:10 ; End.Ard:3 ; TS:42625 ; PM:3000 ; PA:200 ; NS:200]

DATA: [Tipo:10 ; End.Ard:4 ; TS:43468 ; PM:3000 ; PA:200 ; NS:200]

DATA: [Tipo:10 ; End.Ard:4 ; TS:46468 ; PM:3000 ; PA:200 ; NS:200]
Sensor 3 desligado!!

DATA: [Tipo:10 ; End.Ard:4 ; TS:49468 ; PM:3000 ; PA:200 ; NS:200]

DATA: [Tipo:10 ; End.Ard:4 ; TS:52468 ; PM:3000 ; PA:200 ; NS:200]

DATA: [Tipo:10 ; End.Ard:4 ; TS:55468 ; PM:3000 ; PA:200 ; NS:200]

DATA: [Tipo:10 ; End.Ard:4 ; TS:58468 ; PM:3000 ; PA:200 ; NS:200]
Sensor simulado conectado!
---------------------INICIO---------------------
Arranque:
2018-06-20 20:01:25.554
[COM:0 , Baud-rate:57600 , PA:200 microssegundos , PM:3000 milissegundos , NS:200 , PORTA_SOCKETS_SENSOR:2222 , IP_GESTOR:127.0.0.1 , PORTA_SOCKETS_GESTOR7778 , PORTA_SOCKETS_CON61000]
Sensor simulado conectado!

DATA: [Tipo:10 ; End.Ard:5 ; TS:5400 ; PM:3000 ; PA:200 ; NS:200]

DATA: [Tipo:10 ; End.Ard:5 ; TS:8400 ; PM:3000 ; PA:200 ; NS:200]

DATA: [Tipo:10 ; End.Ard:5 ; TS:11400 ; PM:3000 ; PA:200 ; NS:200]

DATA: [Tipo:10 ; End.Ard:5 ; TS:14400 ; PM:3000 ; PA:200 ; NS:200]

DATA: [Tipo:10 ; End.Ard:5 ; TS:17400 ; PM:3000 ; PA:200 ; NS:200]

DATA: [Tipo:10 ; End.Ard:5 ; TS:20400 ; PM:3000 ; PA:200 ; NS:200]
Sensor simulado conectado!

DATA: [Tipo:10 ; End.Ard:6 ; TS:22926 ; PM:3000 ; PA:200 ; NS:200]

DATA: [Tipo:10 ; End.Ard:5 ; TS:23400 ; PM:3000 ; PA:200 ; NS:200]

DATA: [Tipo:10 ; End.Ard:6 ; TS:25926 ; PM:3000 ; PA:200 ; NS:200]

DATA: [Tipo:10 ; End.Ard:5 ; TS:26400 ; PM:3000 ; PA:200 ; NS:200]

DATA: [Tipo:10 ; End.Ard:6 ; TS:28926 ; PM:3000 ; PA:200 ; NS:200]

DATA: [Tipo:10 ; End.Ard:5 ; TS:29400 ; PM:3000 ; PA:200 ; NS:200]

DATA: [Tipo:10 ; End.Ard:6 ; TS:31926 ; PM:3000 ; PA:200 ; NS:200]

DATA: [Tipo:10 ; End.Ard:5 ; TS:32400 ; PM:3000 ; PA:200 ; NS:200]

DATA: [Tipo:10 ; End.Ard:6 ; TS:34926 ; PM:3000 ; PA:200 ; NS:200]

DATA: [Tipo:10 ; End.Ard:6 ; TS:37926 ; PM:3000 ; PA:200 ; NS:200]
Sensor 5 desligado!!

DATA: [Tipo:10 ; End.Ard:6 ; TS:40926 ; PM:3000 ; PA:200 ; NS:200]

DATA: [Tipo:10 ; End.Ard:6 ; TS:43926 ; PM:3000 ; PA:200 ; NS:200]
---------------------INICIO---------------------
Arranque:
2018-06-21 09:52:18.807
[COM:0 , Baud-rate:57600 , PA:200 microssegundos , PM:3000 milissegundos , NS:200 , PORTA_SOCKETS_SENSOR:2222 , IP_GESTOR:127.0.0.1 , PORTA_SOCKETS_GESTOR7778 , PORTA_SOCKETS_CON61000]
---------------------INICIO---------------------
Arranque:
2018-06-21 09:53:18.943
[COM:0 , Baud-rate:57600 , PA:200 microssegundos , PM:3000 milissegundos , NS:200 , PORTA_SOCKETS_SENSOR:2222 , IP_GESTOR:127.0.0.1 , PORTA_SOCKETS_GESTOR7778 , PORTA_SOCKETS_CON61000]
Sensor simulado conectado!

DATA: [Tipo:10 ; End.Ard:6 ; TS:3016 ; PM:3000 ; PA:200 ; NS:200]

DATA: [Tipo:10 ; End.Ard:6 ; TS:6016 ; PM:3000 ; PA:200 ; NS:200]

DATA: [Tipo:10 ; End.Ard:6 ; TS:9016 ; PM:3000 ; PA:200 ; NS:200]

DATA: [Tipo:10 ; End.Ard:6 ; TS:12016 ; PM:3000 ; PA:200 ; NS:200]

DATA: [Tipo:10 ; End.Ard:6 ; TS:15016 ; PM:3000 ; PA:200 ; NS:200]

DATA: [Tipo:10 ; End.Ard:6 ; TS:18016 ; PM:3000 ; PA:200 ; NS:200]

DATA: [Tipo:10 ; End.Ard:6 ; TS:21016 ; PM:3000 ; PA:200 ; NS:200]

DATA: [Tipo:10 ; End.Ard:6 ; TS:24016 ; PM:3000 ; PA:200 ; NS:200]

DATA: [Tipo:10 ; End.Ard:6 ; TS:27016 ; PM:3000 ; PA:200 ; NS:200]

DATA: [Tipo:10 ; End.Ard:6 ; TS:30016 ; PM:3000 ; PA:200 ; NS:200]

DATA: [Tipo:10 ; End.Ard:6 ; TS:33016 ; PM:3000 ; PA:200 ; NS:200]

DATA: [Tipo:10 ; End.Ard:6 ; TS:36016 ; PM:3000 ; PA:200 ; NS:200]

DATA: [Tipo:10 ; End.Ard:6 ; TS:39016 ; PM:3000 ; PA:200 ; NS:200]

DATA: [Tipo:10 ; End.Ard:6 ; TS:42016 ; PM:3000 ; PA:200 ; NS:200]

DATA: [Tipo:10 ; End.Ard:6 ; TS:45016 ; PM:3000 ; PA:200 ; NS:200]

DATA: [Tipo:10 ; End.Ard:6 ; TS:48016 ; PM:3000 ; PA:200 ; NS:200]

DATA: [Tipo:10 ; End.Ard:6 ; TS:51016 ; PM:3000 ; PA:200 ; NS:200]

DATA: [Tipo:10 ; End.Ard:6 ; TS:54016 ; PM:3000 ; PA:200 ; NS:200]

DATA: [Tipo:10 ; End.Ard:6 ; TS:57016 ; PM:3000 ; PA:200 ; NS:200]

DATA: [Tipo:10 ; End.Ard:6 ; TS:60016 ; PM:3000 ; PA:200 ; NS:200]

DATA: [Tipo:10 ; End.Ard:6 ; TS:63016 ; PM:3000 ; PA:200 ; NS:200]

DATA: [Tipo:10 ; End.Ard:6 ; TS:66016 ; PM:3000 ; PA:200 ; NS:200]

DATA: [Tipo:10 ; End.Ard:6 ; TS:69016 ; PM:3000 ; PA:200 ; NS:200]

DATA: [Tipo:10 ; End.Ard:6 ; TS:72016 ; PM:3000 ; PA:200 ; NS:200]

DATA: [Tipo:10 ; End.Ard:6 ; TS:75016 ; PM:3000 ; PA:200 ; NS:200]

DATA: [Tipo:10 ; End.Ard:6 ; TS:78016 ; PM:3000 ; PA:200 ; NS:200]

DATA: [Tipo:10 ; End.Ard:6 ; TS:81016 ; PM:3000 ; PA:200 ; NS:200]

DATA: [Tipo:10 ; End.Ard:6 ; TS:84016 ; PM:3000 ; PA:200 ; NS:200]

DATA: [Tipo:10 ; End.Ard:6 ; TS:87016 ; PM:3000 ; PA:200 ; NS:200]

DATA: [Tipo:10 ; End.Ard:6 ; TS:90016 ; PM:3000 ; PA:200 ; NS:200]

DATA: [Tipo:10 ; End.Ard:6 ; TS:93016 ; PM:3000 ; PA:200 ; NS:200]

DATA: [Tipo:10 ; End.Ard:6 ; TS:96016 ; PM:3000 ; PA:200 ; NS:200]

DATA: [Tipo:10 ; End.Ard:6 ; TS:99016 ; PM:3000 ; PA:200 ; NS:200]

DATA: [Tipo:10 ; End.Ard:6 ; TS:102016 ; PM:3000 ; PA:200 ; NS:200]

DATA: [Tipo:10 ; End.Ard:6 ; TS:105016 ; PM:3000 ; PA:200 ; NS:200]

DATA: [Tipo:10 ; End.Ard:6 ; TS:108016 ; PM:3000 ; PA:200 ; NS:200]

DATA: [Tipo:10 ; End.Ard:6 ; TS:111016 ; PM:3000 ; PA:200 ; NS:200]

DATA: [Tipo:10 ; End.Ard:6 ; TS:114016 ; PM:3000 ; PA:200 ; NS:200]

DATA: [Tipo:10 ; End.Ard:6 ; TS:117016 ; PM:3000 ; PA:200 ; NS:200]

DATA: [Tipo:10 ; End.Ard:6 ; TS:120016 ; PM:3000 ; PA:200 ; NS:200]

DATA: [Tipo:10 ; End.Ard:6 ; TS:123016 ; PM:3000 ; PA:200 ; NS:200]

DATA: [Tipo:10 ; End.Ard:6 ; TS:126016 ; PM:3000 ; PA:200 ; NS:200]

DATA: [Tipo:10 ; End.Ard:6 ; TS:129016 ; PM:3000 ; PA:200 ; NS:200]
---------------------INICIO---------------------
Arranque:
2018-06-21 09:57:10.634
[COM:0 , Baud-rate:57600 , PA:200 microssegundos , PM:3000 milissegundos , NS:200 , PORTA_SOCKETS_SENSOR:2222 , IP_GESTOR:127.0.0.1 , PORTA_SOCKETS_GESTOR7778 , PORTA_SOCKETS_CON61000]
Sensor simulado conectado!

DATA: [Tipo:10 ; End.Ard:6 ; TS:3485 ; PM:3000 ; PA:200 ; NS:200]

DATA: [Tipo:10 ; End.Ard:6 ; TS:6485 ; PM:3000 ; PA:200 ; NS:200]
Sensor 6 desligado!!
Sensor simulado conectado!
---------------------INICIO---------------------
Arranque:
2018-06-21 11:04:37.380
[COM:0 , Baud-rate:57600 , PA:200 microssegundos , PM:3000 milissegundos , NS:200 , PORTA_SOCKETS_SENSOR:2222 , IP_GESTOR:127.0.0.1 , PORTA_SOCKETS_GESTOR7778 , PORTA_SOCKETS_CON61000]
Sensor simulado conectado!

DATA: [Tipo:10 ; End.Ard:6 ; TS:1881 ; PM:3000 ; PA:200 ; NS:200]

DATA: [Tipo:10 ; End.Ard:6 ; TS:4881 ; PM:3000 ; PA:200 ; NS:200]

DATA: [Tipo:10 ; End.Ard:6 ; TS:7881 ; PM:3000 ; PA:200 ; NS:200]

DATA: [Tipo:10 ; End.Ard:6 ; TS:10881 ; PM:3000 ; PA:200 ; NS:200]

DATA: [Tipo:10 ; End.Ard:6 ; TS:13881 ; PM:3000 ; PA:200 ; NS:200]

DATA: [Tipo:10 ; End.Ard:6 ; TS:16881 ; PM:3000 ; PA:200 ; NS:200]

DATA: [Tipo:10 ; End.Ard:6 ; TS:19881 ; PM:3000 ; PA:200 ; NS:200]

DATA: [Tipo:10 ; End.Ard:6 ; TS:22881 ; PM:3000 ; PA:200 ; NS:200]

DATA: [Tipo:10 ; End.Ard:6 ; TS:25881 ; PM:3000 ; PA:200 ; NS:200]

DATA: [Tipo:10 ; End.Ard:6 ; TS:28881 ; PM:3000 ; PA:200 ; NS:200]

DATA: [Tipo:10 ; End.Ard:6 ; TS:31881 ; PM:3000 ; PA:200 ; NS:200]

DATA: [Tipo:10 ; End.Ard:6 ; TS:34881 ; PM:3000 ; PA:200 ; NS:200]

DATA: [Tipo:10 ; End.Ard:6 ; TS:37881 ; PM:3000 ; PA:200 ; NS:200]

DATA: [Tipo:10 ; End.Ard:6 ; TS:40881 ; PM:3000 ; PA:200 ; NS:200]
---------------------INICIO---------------------
Arranque:
2018-06-21 11:07:08.443
[COM:0 , Baud-rate:57600 , PA:200 microssegundos , PM:3000 milissegundos , NS:200 , PORTA_SOCKETS_SENSOR:2222 , IP_GESTOR:127.0.0.1 , PORTA_SOCKETS_GESTOR7778 , PORTA_SOCKETS_CON61000]
Sensor simulado conectado!

DATA: [Tipo:10 ; End.Ard:6 ; TS:2874 ; PM:3000 ; PA:200 ; NS:200]

DATA: [Tipo:10 ; End.Ard:6 ; TS:5874 ; PM:3000 ; PA:200 ; NS:200]

DATA: [Tipo:10 ; End.Ard:6 ; TS:8874 ; PM:3000 ; PA:200 ; NS:200]

DATA: [Tipo:10 ; End.Ard:6 ; TS:11874 ; PM:3000 ; PA:200 ; NS:200]

DATA: [Tipo:10 ; End.Ard:6 ; TS:14874 ; PM:3000 ; PA:200 ; NS:200]

DATA: [Tipo:10 ; End.Ard:6 ; TS:17874 ; PM:3000 ; PA:200 ; NS:200]

DATA: [Tipo:10 ; End.Ard:6 ; TS:20874 ; PM:3000 ; PA:200 ; NS:200]

DATA: [Tipo:10 ; End.Ard:6 ; TS:23874 ; PM:3000 ; PA:200 ; NS:200]

DATA: [Tipo:10 ; End.Ard:6 ; TS:26874 ; PM:3000 ; PA:200 ; NS:200]

DATA: [Tipo:10 ; End.Ard:6 ; TS:29874 ; PM:3000 ; PA:200 ; NS:200]

DATA: [Tipo:10 ; End.Ard:6 ; TS:32874 ; PM:3000 ; PA:200 ; NS:200]

DATA: [Tipo:10 ; End.Ard:6 ; TS:35874 ; PM:3000 ; PA:200 ; NS:200]

DATA: [Tipo:10 ; End.Ard:6 ; TS:38874 ; PM:3000 ; PA:200 ; NS:200]

DATA: [Tipo:10 ; End.Ard:6 ; TS:41874 ; PM:3000 ; PA:200 ; NS:200]
---------------------INICIO---------------------
Arranque:
2018-06-21 11:13:42.348
[COM:0 , Baud-rate:57600 , PA:200 microssegundos , PM:3000 milissegundos , NS:200 , PORTA_SOCKETS_SENSOR:2222 , IP_GESTOR:127.0.0.1 , PORTA_SOCKETS_GESTOR7778 , PORTA_SOCKETS_CON61000]
Sensor simulado conectado!

DATA: [Tipo:10 ; End.Ard:6 ; TS:1906 ; PM:3000 ; PA:200 ; NS:200]

DATA: [Tipo:10 ; End.Ard:6 ; TS:4906 ; PM:3000 ; PA:200 ; NS:200]

DATA: [Tipo:10 ; End.Ard:6 ; TS:7906 ; PM:3000 ; PA:200 ; NS:200]

DATA: [Tipo:10 ; End.Ard:6 ; TS:10906 ; PM:3000 ; PA:200 ; NS:200]

DATA: [Tipo:10 ; End.Ard:6 ; TS:13906 ; PM:3000 ; PA:200 ; NS:200]

DATA: [Tipo:10 ; End.Ard:6 ; TS:16906 ; PM:3000 ; PA:200 ; NS:200]

DATA: [Tipo:10 ; End.Ard:6 ; TS:19906 ; PM:3000 ; PA:200 ; NS:200]

DATA: [Tipo:10 ; End.Ard:6 ; TS:22906 ; PM:3000 ; PA:200 ; NS:200]

DATA: [Tipo:10 ; End.Ard:6 ; TS:25906 ; PM:3000 ; PA:200 ; NS:200]

DATA: [Tipo:10 ; End.Ard:6 ; TS:28906 ; PM:3000 ; PA:200 ; NS:200]

DATA: [Tipo:10 ; End.Ard:6 ; TS:31906 ; PM:3000 ; PA:200 ; NS:200]

DATA: [Tipo:10 ; End.Ard:6 ; TS:34906 ; PM:3000 ; PA:200 ; NS:200]

DATA: [Tipo:10 ; End.Ard:6 ; TS:37906 ; PM:3000 ; PA:200 ; NS:200]

DATA: [Tipo:10 ; End.Ard:6 ; TS:40906 ; PM:3000 ; PA:200 ; NS:200]

DATA: [Tipo:10 ; End.Ard:6 ; TS:43906 ; PM:3000 ; PA:200 ; NS:200]

DATA: [Tipo:10 ; End.Ard:6 ; TS:46906 ; PM:3000 ; PA:200 ; NS:200]

DATA: [Tipo:10 ; End.Ard:6 ; TS:49906 ; PM:3000 ; PA:200 ; NS:200]

DATA: [Tipo:10 ; End.Ard:6 ; TS:52906 ; PM:3000 ; PA:200 ; NS:200]

DATA: [Tipo:10 ; End.Ard:6 ; TS:55906 ; PM:3000 ; PA:200 ; NS:200]

DATA: [Tipo:10 ; End.Ard:6 ; TS:58906 ; PM:3000 ; PA:200 ; NS:200]

DATA: [Tipo:10 ; End.Ard:6 ; TS:61906 ; PM:3000 ; PA:200 ; NS:200]

DATA: [Tipo:10 ; End.Ard:6 ; TS:64906 ; PM:3000 ; PA:200 ; NS:200]

DATA: [Tipo:10 ; End.Ard:6 ; TS:67906 ; PM:3000 ; PA:200 ; NS:200]

DATA: [Tipo:10 ; End.Ard:6 ; TS:70906 ; PM:3000 ; PA:200 ; NS:200]
---------------------INICIO---------------------
Arranque:
2018-06-21 11:28:41.924
[COM:0 , Baud-rate:57600 , PA:200 microssegundos , PM:3000 milissegundos , NS:200 , PORTA_SOCKETS_SENSOR:2222 , IP_GESTOR:127.0.0.1 , PORTA_SOCKETS_GESTOR7778 , PORTA_SOCKETS_CON61000]
Sensor simulado conectado!

DATA: [Tipo:10 ; End.Ard:6 ; TS:2078 ; PM:3000 ; PA:200 ; NS:200]

DATA: [Tipo:10 ; End.Ard:6 ; TS:5078 ; PM:3000 ; PA:200 ; NS:200]

DATA: [Tipo:10 ; End.Ard:6 ; TS:8078 ; PM:3000 ; PA:200 ; NS:200]

DATA: [Tipo:10 ; End.Ard:6 ; TS:11078 ; PM:3000 ; PA:200 ; NS:200]

DATA: [Tipo:10 ; End.Ard:6 ; TS:14078 ; PM:3000 ; PA:200 ; NS:200]

DATA: [Tipo:10 ; End.Ard:6 ; TS:17078 ; PM:3000 ; PA:200 ; NS:200]

DATA: [Tipo:10 ; End.Ard:6 ; TS:20078 ; PM:3000 ; PA:200 ; NS:200]
---------------------INICIO---------------------
Arranque:
2018-06-21 15:11:59.077
[COM:0 , Baud-rate:57600 , PA:200 microssegundos , PM:3000 milissegundos , NS:200 , PORTA_SOCKETS_SENSOR:2222 , IP_GESTOR:127.0.0.1 , PORTA_SOCKETS_GESTOR7778 , PORTA_SOCKETS_CON61000]
Sensor simulado conectado!

DATA: [Tipo:10 ; End.Ard:6 ; TS:1815 ; PM:3000 ; PA:200 ; NS:200]

DATA: [Tipo:10 ; End.Ard:6 ; TS:4815 ; PM:3000 ; PA:200 ; NS:200]

DATA: [Tipo:10 ; End.Ard:6 ; TS:7815 ; PM:3000 ; PA:200 ; NS:200]

DATA: [Tipo:10 ; End.Ard:6 ; TS:10815 ; PM:3000 ; PA:200 ; NS:200]

DATA: [Tipo:10 ; End.Ard:6 ; TS:13815 ; PM:3000 ; PA:200 ; NS:200]

DATA: [Tipo:10 ; End.Ard:6 ; TS:16815 ; PM:3000 ; PA:200 ; NS:200]

DATA: [Tipo:10 ; End.Ard:6 ; TS:19815 ; PM:3000 ; PA:200 ; NS:200]

DATA: [Tipo:10 ; End.Ard:6 ; TS:22815 ; PM:3000 ; PA:200 ; NS:200]

DATA: [Tipo:10 ; End.Ard:6 ; TS:25815 ; PM:3000 ; PA:200 ; NS:200]

DATA: [Tipo:10 ; End.Ard:6 ; TS:28815 ; PM:3000 ; PA:200 ; NS:200]

DATA: [Tipo:10 ; End.Ard:6 ; TS:31815 ; PM:3000 ; PA:200 ; NS:200]

DATA: [Tipo:10 ; End.Ard:6 ; TS:34815 ; PM:3000 ; PA:200 ; NS:200]

DATA: [Tipo:10 ; End.Ard:6 ; TS:37815 ; PM:3000 ; PA:200 ; NS:200]

DATA: [Tipo:10 ; End.Ard:6 ; TS:40815 ; PM:3000 ; PA:200 ; NS:200]

DATA: [Tipo:10 ; End.Ard:6 ; TS:43815 ; PM:3000 ; PA:200 ; NS:200]

DATA: [Tipo:10 ; End.Ard:6 ; TS:46815 ; PM:3000 ; PA:200 ; NS:200]

DATA: [Tipo:10 ; End.Ard:6 ; TS:49815 ; PM:3000 ; PA:200 ; NS:200]

DATA: [Tipo:10 ; End.Ard:6 ; TS:52815 ; PM:3000 ; PA:200 ; NS:200]

DATA: [Tipo:10 ; End.Ard:6 ; TS:55815 ; PM:3000 ; PA:200 ; NS:200]

DATA: [Tipo:10 ; End.Ard:6 ; TS:58815 ; PM:3000 ; PA:200 ; NS:200]

DATA: [Tipo:10 ; End.Ard:6 ; TS:61815 ; PM:3000 ; PA:200 ; NS:200]

DATA: [Tipo:10 ; End.Ard:6 ; TS:64815 ; PM:3000 ; PA:200 ; NS:200]

DATA: [Tipo:10 ; End.Ard:6 ; TS:67815 ; PM:3000 ; PA:200 ; NS:200]

DATA: [Tipo:10 ; End.Ard:6 ; TS:70815 ; PM:3000 ; PA:200 ; NS:200]

DATA: [Tipo:10 ; End.Ard:6 ; TS:73815 ; PM:3000 ; PA:200 ; NS:200]

DATA: [Tipo:10 ; End.Ard:6 ; TS:76815 ; PM:3000 ; PA:200 ; NS:200]

DATA: [Tipo:10 ; End.Ard:6 ; TS:79815 ; PM:3000 ; PA:200 ; NS:200]

DATA: [Tipo:10 ; End.Ard:6 ; TS:82815 ; PM:3000 ; PA:200 ; NS:200]

DATA: [Tipo:10 ; End.Ard:6 ; TS:85815 ; PM:3000 ; PA:200 ; NS:200]

DATA: [Tipo:10 ; End.Ard:6 ; TS:88815 ; PM:3000 ; PA:200 ; NS:200]

DATA: [Tipo:10 ; End.Ard:6 ; TS:91815 ; PM:3000 ; PA:200 ; NS:200]

DATA: [Tipo:10 ; End.Ard:6 ; TS:94815 ; PM:3000 ; PA:200 ; NS:200]

DATA: [Tipo:10 ; End.Ard:6 ; TS:97815 ; PM:3000 ; PA:200 ; NS:200]

DATA: [Tipo:10 ; End.Ard:6 ; TS:100815 ; PM:3000 ; PA:200 ; NS:200]

DATA: [Tipo:10 ; End.Ard:6 ; TS:103815 ; PM:3000 ; PA:200 ; NS:200]

DATA: [Tipo:10 ; End.Ard:6 ; TS:106815 ; PM:3000 ; PA:200 ; NS:200]

DATA: [Tipo:10 ; End.Ard:6 ; TS:109815 ; PM:3000 ; PA:200 ; NS:200]

DATA: [Tipo:10 ; End.Ard:6 ; TS:112815 ; PM:3000 ; PA:200 ; NS:200]

DATA: [Tipo:10 ; End.Ard:6 ; TS:115815 ; PM:3000 ; PA:200 ; NS:200]

DATA: [Tipo:10 ; End.Ard:6 ; TS:118815 ; PM:3000 ; PA:200 ; NS:200]
Sensor 6 desligado!!
---------------------INICIO---------------------
Arranque:
2018-06-21 15:14:23.032
[COM:0 , Baud-rate:57600 , PA:200 microssegundos , PM:3000 milissegundos , NS:200 , PORTA_SOCKETS_SENSOR:2222 , IP_GESTOR:127.0.0.1 , PORTA_SOCKETS_GESTOR7778 , PORTA_SOCKETS_CON61000]
Sensor simulado conectado!

DATA: [Tipo:10 ; End.Ard:6 ; TS:2484 ; PM:3000 ; PA:200 ; NS:200]

DATA: [Tipo:10 ; End.Ard:6 ; TS:5484 ; PM:3000 ; PA:200 ; NS:200]

DATA: [Tipo:10 ; End.Ard:6 ; TS:8484 ; PM:3000 ; PA:200 ; NS:200]

DATA: [Tipo:10 ; End.Ard:6 ; TS:11484 ; PM:3000 ; PA:200 ; NS:200]

DATA: [Tipo:10 ; End.Ard:6 ; TS:14484 ; PM:3000 ; PA:200 ; NS:200]

DATA: [Tipo:10 ; End.Ard:6 ; TS:17484 ; PM:3000 ; PA:200 ; NS:200]

DATA: [Tipo:10 ; End.Ard:6 ; TS:20484 ; PM:3000 ; PA:200 ; NS:200]

DATA: [Tipo:10 ; End.Ard:6 ; TS:23484 ; PM:3000 ; PA:200 ; NS:200]

DATA: [Tipo:10 ; End.Ard:6 ; TS:26484 ; PM:3000 ; PA:200 ; NS:200]

DATA: [Tipo:10 ; End.Ard:6 ; TS:29484 ; PM:3000 ; PA:200 ; NS:200]

DATA: [Tipo:10 ; End.Ard:6 ; TS:32484 ; PM:3000 ; PA:200 ; NS:200]

DATA: [Tipo:10 ; End.Ard:6 ; TS:35484 ; PM:3000 ; PA:200 ; NS:200]

DATA: [Tipo:10 ; End.Ard:6 ; TS:38484 ; PM:3000 ; PA:200 ; NS:200]

DATA: [Tipo:10 ; End.Ard:6 ; TS:41484 ; PM:3000 ; PA:200 ; NS:200]

DATA: [Tipo:10 ; End.Ard:6 ; TS:44484 ; PM:3000 ; PA:200 ; NS:200]

DATA: [Tipo:10 ; End.Ard:6 ; TS:47484 ; PM:3000 ; PA:200 ; NS:200]

DATA: [Tipo:10 ; End.Ard:6 ; TS:50484 ; PM:3000 ; PA:200 ; NS:200]

DATA: [Tipo:10 ; End.Ard:6 ; TS:53484 ; PM:3000 ; PA:200 ; NS:200]

DATA: [Tipo:10 ; End.Ard:6 ; TS:56484 ; PM:3000 ; PA:200 ; NS:200]

DATA: [Tipo:10 ; End.Ard:6 ; TS:59484 ; PM:3000 ; PA:200 ; NS:200]

DATA: [Tipo:10 ; End.Ard:6 ; TS:62484 ; PM:3000 ; PA:200 ; NS:200]

DATA: [Tipo:10 ; End.Ard:6 ; TS:65484 ; PM:3000 ; PA:200 ; NS:200]

DATA: [Tipo:10 ; End.Ard:6 ; TS:68484 ; PM:3000 ; PA:200 ; NS:200]
---------------------INICIO---------------------
Arranque:
2018-06-21 15:15:39.860
[COM:0 , Baud-rate:57600 , PA:200 microssegundos , PM:3000 milissegundos , NS:200 , PORTA_SOCKETS_SENSOR:3333 , IP_GESTOR:127.0.0.1 , PORTA_SOCKETS_GESTOR7778 , PORTA_SOCKETS_CON61001]

DATA: [Tipo:10 ; End.Ard:6 ; TS:71484 ; PM:3000 ; PA:200 ; NS:200]
Sensor simulado conectado!

DATA: [Tipo:10 ; End.Ard:6 ; TS:2359 ; PM:3000 ; PA:200 ; NS:200]

DATA: [Tipo:10 ; End.Ard:6 ; TS:74484 ; PM:3000 ; PA:200 ; NS:200]

DATA: [Tipo:10 ; End.Ard:6 ; TS:5359 ; PM:3000 ; PA:200 ; NS:200]

DATA: [Tipo:10 ; End.Ard:6 ; TS:77484 ; PM:3000 ; PA:200 ; NS:200]

DATA: [Tipo:10 ; End.Ard:6 ; TS:8359 ; PM:3000 ; PA:200 ; NS:200]

DATA: [Tipo:10 ; End.Ard:6 ; TS:80484 ; PM:3000 ; PA:200 ; NS:200]

DATA: [Tipo:10 ; End.Ard:6 ; TS:11359 ; PM:3000 ; PA:200 ; NS:200]

DATA: [Tipo:10 ; End.Ard:6 ; TS:83484 ; PM:3000 ; PA:200 ; NS:200]

DATA: [Tipo:10 ; End.Ard:6 ; TS:14359 ; PM:3000 ; PA:200 ; NS:200]

DATA: [Tipo:10 ; End.Ard:6 ; TS:86484 ; PM:3000 ; PA:200 ; NS:200]

DATA: [Tipo:10 ; End.Ard:6 ; TS:17359 ; PM:3000 ; PA:200 ; NS:200]

DATA: [Tipo:10 ; End.Ard:6 ; TS:89484 ; PM:3000 ; PA:200 ; NS:200]

DATA: [Tipo:10 ; End.Ard:6 ; TS:20359 ; PM:3000 ; PA:200 ; NS:200]

DATA: [Tipo:10 ; End.Ard:6 ; TS:92484 ; PM:3000 ; PA:200 ; NS:200]

DATA: [Tipo:10 ; End.Ard:6 ; TS:23359 ; PM:3000 ; PA:200 ; NS:200]

DATA: [Tipo:10 ; End.Ard:6 ; TS:95484 ; PM:3000 ; PA:200 ; NS:200]

DATA: [Tipo:10 ; End.Ard:6 ; TS:26359 ; PM:3000 ; PA:200 ; NS:200]

DATA: [Tipo:10 ; End.Ard:6 ; TS:98484 ; PM:3000 ; PA:200 ; NS:200]

DATA: [Tipo:10 ; End.Ard:6 ; TS:29359 ; PM:3000 ; PA:200 ; NS:200]

DATA: [Tipo:10 ; End.Ard:6 ; TS:101484 ; PM:3000 ; PA:200 ; NS:200]

DATA: [Tipo:10 ; End.Ard:6 ; TS:32359 ; PM:3000 ; PA:200 ; NS:200]

DATA: [Tipo:10 ; End.Ard:6 ; TS:104484 ; PM:3000 ; PA:200 ; NS:200]

DATA: [Tipo:10 ; End.Ard:6 ; TS:35359 ; PM:3000 ; PA:200 ; NS:200]

DATA: [Tipo:10 ; End.Ard:6 ; TS:107484 ; PM:3000 ; PA:200 ; NS:200]

DATA: [Tipo:10 ; End.Ard:6 ; TS:38359 ; PM:3000 ; PA:200 ; NS:200]

DATA: [Tipo:10 ; End.Ard:6 ; TS:110484 ; PM:3000 ; PA:200 ; NS:200]

DATA: [Tipo:10 ; End.Ard:6 ; TS:41359 ; PM:3000 ; PA:200 ; NS:200]

DATA: [Tipo:10 ; End.Ard:6 ; TS:113484 ; PM:3000 ; PA:200 ; NS:200]

DATA: [Tipo:10 ; End.Ard:6 ; TS:44359 ; PM:3000 ; PA:200 ; NS:200]

DATA: [Tipo:10 ; End.Ard:6 ; TS:116484 ; PM:3000 ; PA:200 ; NS:200]
---------------------INICIO---------------------
Arranque:
2018-06-21 15:17:26.285
[COM:0 , Baud-rate:57600 , PA:200 microssegundos , PM:3000 milissegundos , NS:200 , PORTA_SOCKETS_SENSOR:3333 , IP_GESTOR:127.0.0.1 , PORTA_SOCKETS_GESTOR7778 , PORTA_SOCKETS_CON61001]
Sensor simulado conectado!

DATA: [Tipo:10 ; End.Ard:6 ; TS:1750 ; PM:3000 ; PA:200 ; NS:200]

DATA: [Tipo:10 ; End.Ard:6 ; TS:4750 ; PM:3000 ; PA:200 ; NS:200]

DATA: [Tipo:10 ; End.Ard:6 ; TS:7750 ; PM:3000 ; PA:200 ; NS:200]

DATA: [Tipo:10 ; End.Ard:6 ; TS:10750 ; PM:3000 ; PA:200 ; NS:200]

DATA: [Tipo:10 ; End.Ard:6 ; TS:13750 ; PM:3000 ; PA:200 ; NS:200]

DATA: [Tipo:10 ; End.Ard:6 ; TS:16750 ; PM:3000 ; PA:200 ; NS:200]

DATA: [Tipo:10 ; End.Ard:6 ; TS:19750 ; PM:3000 ; PA:200 ; NS:200]

DATA: [Tipo:10 ; End.Ard:6 ; TS:22750 ; PM:3000 ; PA:200 ; NS:200]

DATA: [Tipo:10 ; End.Ard:6 ; TS:25750 ; PM:3000 ; PA:200 ; NS:200]

DATA: [Tipo:10 ; End.Ard:6 ; TS:28750 ; PM:3000 ; PA:200 ; NS:200]

DATA: [Tipo:10 ; End.Ard:6 ; TS:31750 ; PM:3000 ; PA:200 ; NS:200]
---------------------INICIO---------------------
Arranque:
2018-06-21 15:18:03.031
[COM:0 , Baud-rate:57600 , PA:200 microssegundos , PM:3000 milissegundos , NS:200 , PORTA_SOCKETS_SENSOR:2222 , IP_GESTOR:127.0.0.1 , PORTA_SOCKETS_GESTOR7778 , PORTA_SOCKETS_CON61000]

DATA: [Tipo:10 ; End.Ard:6 ; TS:34750 ; PM:3000 ; PA:200 ; NS:200]
Sensor simulado conectado!

DATA: [Tipo:10 ; End.Ard:4 ; TS:2362 ; PM:3000 ; PA:200 ; NS:200]

DATA: [Tipo:10 ; End.Ard:6 ; TS:37750 ; PM:3000 ; PA:200 ; NS:200]

DATA: [Tipo:10 ; End.Ard:4 ; TS:5362 ; PM:3000 ; PA:200 ; NS:200]

DATA: [Tipo:10 ; End.Ard:6 ; TS:40750 ; PM:3000 ; PA:200 ; NS:200]

DATA: [Tipo:10 ; End.Ard:4 ; TS:8362 ; PM:3000 ; PA:200 ; NS:200]

DATA: [Tipo:10 ; End.Ard:6 ; TS:43750 ; PM:3000 ; PA:200 ; NS:200]

DATA: [Tipo:10 ; End.Ard:4 ; TS:11362 ; PM:3000 ; PA:200 ; NS:200]

DATA: [Tipo:10 ; End.Ard:6 ; TS:46750 ; PM:3000 ; PA:200 ; NS:200]

DATA: [Tipo:10 ; End.Ard:4 ; TS:14362 ; PM:3000 ; PA:200 ; NS:200]

DATA: [Tipo:10 ; End.Ard:6 ; TS:49750 ; PM:3000 ; PA:200 ; NS:200]

DATA: [Tipo:10 ; End.Ard:4 ; TS:17362 ; PM:3000 ; PA:200 ; NS:200]

DATA: [Tipo:10 ; End.Ard:6 ; TS:52750 ; PM:3000 ; PA:200 ; NS:200]

DATA: [Tipo:10 ; End.Ard:4 ; TS:20362 ; PM:3000 ; PA:200 ; NS:200]

DATA: [Tipo:10 ; End.Ard:6 ; TS:55750 ; PM:3000 ; PA:200 ; NS:200]

DATA: [Tipo:10 ; End.Ard:4 ; TS:23362 ; PM:3000 ; PA:200 ; NS:200]

DATA: [Tipo:10 ; End.Ard:6 ; TS:58750 ; PM:3000 ; PA:200 ; NS:200]

DATA: [Tipo:10 ; End.Ard:4 ; TS:26362 ; PM:3000 ; PA:200 ; NS:200]

DATA: [Tipo:10 ; End.Ard:6 ; TS:61750 ; PM:3000 ; PA:200 ; NS:200]

DATA: [Tipo:10 ; End.Ard:4 ; TS:29362 ; PM:3000 ; PA:200 ; NS:200]

DATA: [Tipo:10 ; End.Ard:6 ; TS:64750 ; PM:3000 ; PA:200 ; NS:200]

DATA: [Tipo:10 ; End.Ard:4 ; TS:32362 ; PM:3000 ; PA:200 ; NS:200]

DATA: [Tipo:10 ; End.Ard:6 ; TS:67750 ; PM:3000 ; PA:200 ; NS:200]

DATA: [Tipo:10 ; End.Ard:4 ; TS:35362 ; PM:3000 ; PA:200 ; NS:200]
---------------------INICIO---------------------
Arranque:
2018-06-21 15:34:02.459
[COM:0 , Baud-rate:57600 , PA:200 microssegundos , PM:3000 milissegundos , NS:200 , PORTA_SOCKETS_SENSOR:2222 , IP_GESTOR:127.0.0.1 , PORTA_SOCKETS_GESTOR7778 , PORTA_SOCKETS_CON61000]
Sensor simulado conectado!

DATA: [Tipo:10 ; End.Ard:4 ; TS:3864 ; PM:3000 ; PA:200 ; NS:200]

DATA: [Tipo:10 ; End.Ard:4 ; TS:6864 ; PM:3000 ; PA:200 ; NS:200]

DATA: [Tipo:10 ; End.Ard:4 ; TS:9864 ; PM:3000 ; PA:200 ; NS:200]

DATA: [Tipo:10 ; End.Ard:4 ; TS:12864 ; PM:3000 ; PA:200 ; NS:200]

DATA: [Tipo:10 ; End.Ard:4 ; TS:15864 ; PM:3000 ; PA:200 ; NS:200]

DATA: [Tipo:10 ; End.Ard:4 ; TS:18864 ; PM:3000 ; PA:200 ; NS:200]

DATA: [Tipo:10 ; End.Ard:4 ; TS:21864 ; PM:3000 ; PA:200 ; NS:200]

DATA: [Tipo:10 ; End.Ard:4 ; TS:24864 ; PM:3000 ; PA:200 ; NS:200]

DATA: [Tipo:10 ; End.Ard:4 ; TS:27864 ; PM:3000 ; PA:200 ; NS:200]

DATA: [Tipo:10 ; End.Ard:4 ; TS:30864 ; PM:3000 ; PA:200 ; NS:200]

DATA: [Tipo:10 ; End.Ard:4 ; TS:33864 ; PM:3000 ; PA:200 ; NS:200]

DATA: [Tipo:10 ; End.Ard:4 ; TS:36864 ; PM:3000 ; PA:200 ; NS:200]

DATA: [Tipo:10 ; End.Ard:4 ; TS:39864 ; PM:3000 ; PA:200 ; NS:200]

DATA: [Tipo:10 ; End.Ard:4 ; TS:42864 ; PM:3000 ; PA:200 ; NS:200]

DATA: [Tipo:10 ; End.Ard:4 ; TS:45864 ; PM:3000 ; PA:200 ; NS:200]

DATA: [Tipo:10 ; End.Ard:4 ; TS:48864 ; PM:3000 ; PA:200 ; NS:200]

DATA: [Tipo:10 ; End.Ard:4 ; TS:51864 ; PM:3000 ; PA:200 ; NS:200]
---------------------INICIO---------------------
Arranque:
2018-06-21 15:36:03.326
[COM:0 , Baud-rate:57600 , PA:200 microssegundos , PM:3000 milissegundos , NS:200 , PORTA_SOCKETS_SENSOR:2222 , IP_GESTOR:127.0.0.1 , PORTA_SOCKETS_GESTOR7778 , PORTA_SOCKETS_CON61000]
Sensor simulado conectado!

DATA: [Tipo:10 ; End.Ard:4 ; TS:2123 ; PM:3000 ; PA:200 ; NS:200]

DATA: [Tipo:10 ; End.Ard:4 ; TS:5123 ; PM:3000 ; PA:200 ; NS:200]

DATA: [Tipo:10 ; End.Ard:4 ; TS:8123 ; PM:3000 ; PA:200 ; NS:200]

DATA: [Tipo:10 ; End.Ard:4 ; TS:11123 ; PM:3000 ; PA:200 ; NS:200]

DATA: [Tipo:10 ; End.Ard:4 ; TS:14123 ; PM:3000 ; PA:200 ; NS:200]

DATA: [Tipo:10 ; End.Ard:4 ; TS:17123 ; PM:3000 ; PA:200 ; NS:200]

DATA: [Tipo:10 ; End.Ard:4 ; TS:20123 ; PM:3000 ; PA:200 ; NS:200]

DATA: [Tipo:10 ; End.Ard:4 ; TS:23123 ; PM:3000 ; PA:200 ; NS:200]

DATA: [Tipo:10 ; End.Ard:4 ; TS:26123 ; PM:3000 ; PA:200 ; NS:200]

DATA: [Tipo:10 ; End.Ard:4 ; TS:29123 ; PM:3000 ; PA:200 ; NS:200]

DATA: [Tipo:10 ; End.Ard:4 ; TS:32123 ; PM:3000 ; PA:200 ; NS:200]

DATA: [Tipo:10 ; End.Ard:4 ; TS:35123 ; PM:3000 ; PA:200 ; NS:200]

DATA: [Tipo:10 ; End.Ard:4 ; TS:38123 ; PM:3000 ; PA:200 ; NS:200]

DATA: [Tipo:10 ; End.Ard:4 ; TS:41123 ; PM:3000 ; PA:200 ; NS:200]

DATA: [Tipo:10 ; End.Ard:4 ; TS:44123 ; PM:3000 ; PA:200 ; NS:200]

DATA: [Tipo:10 ; End.Ard:4 ; TS:47123 ; PM:3000 ; PA:200 ; NS:200]

DATA: [Tipo:10 ; End.Ard:4 ; TS:50123 ; PM:3000 ; PA:200 ; NS:200]

DATA: [Tipo:10 ; End.Ard:4 ; TS:53123 ; PM:3000 ; PA:200 ; NS:200]

DATA: [Tipo:10 ; End.Ard:4 ; TS:56123 ; PM:3000 ; PA:200 ; NS:200]

DATA: [Tipo:10 ; End.Ard:4 ; TS:59123 ; PM:3000 ; PA:200 ; NS:200]

DATA: [Tipo:10 ; End.Ard:4 ; TS:62123 ; PM:3000 ; PA:200 ; NS:200]

DATA: [Tipo:10 ; End.Ard:4 ; TS:65123 ; PM:3000 ; PA:200 ; NS:200]
---------------------INICIO---------------------
Arranque:
2018-06-21 22:08:44.864
[COM:0 , Baud-rate:57600 , PA:200 microssegundos , PM:3000 milissegundos , NS:200 , PORTA_SOCKETS_SENSOR:2222 , IP_GESTOR:127.0.0.1 , PORTA_SOCKETS_GESTOR7778 , PORTA_SOCKETS_CON61000]
Paragem na Comunicação: stop enviado
---------------------INICIO---------------------
Arranque:
2018-06-22 11:24:12.361
[COM:3 , Baud-rate:57600 , PA:200 microssegundos , PM:3000 milissegundos , NS:200 , PORTA_SOCKETS_SENSOR:2222 , IP_GESTOR:127.0.0.1 , PORTA_SOCKETS_GESTOR7778 , PORTA_SOCKETS_CON61000]
---------------------INICIO---------------------
Arranque:
2018-06-22 11:24:28.893
[COM:3 , Baud-rate:57600 , PA:200 microssegundos , PM:3000 milissegundos , NS:200 , PORTA_SOCKETS_SENSOR:2222 , IP_GESTOR:127.0.0.1 , PORTA_SOCKETS_GESTOR7778 , PORTA_SOCKETS_CON61000]
---------------------INICIO---------------------
Arranque:
2018-06-22 11:24:54.198
[COM:3 , Baud-rate:57600 , PA:200 microssegundos , PM:3000 milissegundos , NS:200 , PORTA_SOCKETS_SENSOR:2222 , IP_GESTOR:127.0.0.1 , PORTA_SOCKETS_GESTOR7778 , PORTA_SOCKETS_CON61000]
---------------------INICIO---------------------
Arranque:
2018-06-22 11:27:42.153
[COM:3 , Baud-rate:57600 , PA:200 microssegundos , PM:3000 milissegundos , NS:200 , PORTA_SOCKETS_SENSOR:0 , IP_GESTOR:127.0.0.1 , PORTA_SOCKETS_GESTOR7778 , PORTA_SOCKETS_CON61000]
---------------------INICIO---------------------
Arranque:
2018-06-22 11:33:14.111
[COM:3 , Baud-rate:57600 , PA:200 microssegundos , PM:3000 milissegundos , NS:200 , PORTA_SOCKETS_SENSOR:0 , IP_GESTOR:127.0.0.1 , PORTA_SOCKETS_GESTOR7778 , PORTA_SOCKETS_CON61000]
---------------------INICIO---------------------
Arranque:
2018-06-22 11:33:24.238
[COM:3 , Baud-rate:57600 , PA:200 microssegundos , PM:3000 milissegundos , NS:200 , PORTA_SOCKETS_SENSOR:0 , IP_GESTOR:127.0.0.1 , PORTA_SOCKETS_GESTOR7778 , PORTA_SOCKETS_CON61000]
Sensor real conectado!
Paragem na Comunicação: stop enviado

Inicio da Comunicação com sensores:
---------------------INICIO---------------------
Arranque:
2018-06-22 11:34:22.185
[COM:3 , Baud-rate:57600 , PA:200 microssegundos , PM:3000 milissegundos , NS:200 , PORTA_SOCKETS_SENSOR:0 , IP_GESTOR:127.0.0.1 , PORTA_SOCKETS_GESTOR7778 , PORTA_SOCKETS_CON61000]
Sensor real conectado!
---------------------INICIO---------------------
Arranque:
2018-06-22 11:34:59.003
[COM:3 , Baud-rate:57600 , PA:200 microssegundos , PM:3000 milissegundos , NS:200 , PORTA_SOCKETS_SENSOR:0 , IP_GESTOR:127.0.0.1 , PORTA_SOCKETS_GESTOR7778 , PORTA_SOCKETS_CON61000]
Sensor real conectado!
---------------------INICIO---------------------
Arranque:
2018-06-22 11:37:13.503
[COM:3 , Baud-rate:57600 , PA:200 microssegundos , PM:3000 milissegundos , NS:200 , PORTA_SOCKETS_SENSOR:0 , IP_GESTOR:127.0.0.1 , PORTA_SOCKETS_GESTOR7778 , PORTA_SOCKETS_CON61000]
Sensor real conectado!
---------------------INICIO---------------------
Arranque:
2018-06-22 11:38:43.665
[COM:3 , Baud-rate:57600 , PA:200 microssegundos , PM:3000 milissegundos , NS:200 , PORTA_SOCKETS_SENSOR:0 , IP_GESTOR:127.0.0.1 , PORTA_SOCKETS_GESTOR7778 , PORTA_SOCKETS_CON61000]
Sensor real conectado!
Paragem na Comunicação: stop enviado

Inicio da Comunicação com sensores:

DATA: [Tipo:10 ; End.Ard:4 ; TS:13710 ; PM:3000 ; PA:200 ; NS:200]

DATA: [Tipo:10 ; End.Ard:4 ; TS:16710 ; PM:3000 ; PA:200 ; NS:200]

DATA: [Tipo:10 ; End.Ard:4 ; TS:19710 ; PM:3000 ; PA:200 ; NS:200]

DATA: [Tipo:10 ; End.Ard:4 ; TS:22710 ; PM:3000 ; PA:200 ; NS:200]

DATA: [Tipo:10 ; End.Ard:4 ; TS:25710 ; PM:3000 ; PA:200 ; NS:200]

DATA: [Tipo:10 ; End.Ard:4 ; TS:28710 ; PM:3000 ; PA:200 ; NS:200]

DATA: [Tipo:10 ; End.Ard:4 ; TS:31710 ; PM:3000 ; PA:200 ; NS:200]

DATA: [Tipo:10 ; End.Ard:4 ; TS:34710 ; PM:3000 ; PA:200 ; NS:200]

DATA: [Tipo:10 ; End.Ard:4 ; TS:37710 ; PM:3000 ; PA:200 ; NS:200]

DATA: [Tipo:10 ; End.Ard:4 ; TS:40710 ; PM:3000 ; PA:200 ; NS:200]

DATA: [Tipo:10 ; End.Ard:4 ; TS:43710 ; PM:3000 ; PA:200 ; NS:200]

DATA: [Tipo:10 ; End.Ard:4 ; TS:46710 ; PM:3000 ; PA:200 ; NS:200]

DATA: [Tipo:10 ; End.Ard:4 ; TS:49710 ; PM:3000 ; PA:200 ; NS:200]

DATA: [Tipo:10 ; End.Ard:4 ; TS:52710 ; PM:3000 ; PA:200 ; NS:200]

DATA: [Tipo:10 ; End.Ard:4 ; TS:55710 ; PM:3000 ; PA:200 ; NS:200]

DATA: [Tipo:10 ; End.Ard:4 ; TS:58710 ; PM:3000 ; PA:200 ; NS:200]
Final da Comunicação: stop enviado
Programa finalizado.
-----------------------FIM----------------------

---------------------INICIO---------------------
Arranque:
2018-06-22 11:39:50.940
[COM:3 , Baud-rate:57600 , PA:200 microssegundos , PM:3000 milissegundos , NS:200 , PORTA_SOCKETS_SENSOR:0 , IP_GESTOR:127.0.0.1 , PORTA_SOCKETS_GESTOR7778 , PORTA_SOCKETS_CON61000]
Sensor real conectado!
Paragem na Comunicação: stop enviado

Inicio da Comunicação com sensores:

DATA: [Tipo:10 ; End.Ard:4 ; TS:13110 ; PM:3000 ; PA:200 ; NS:200]

DATA: [Tipo:10 ; End.Ard:4 ; TS:16110 ; PM:3000 ; PA:200 ; NS:200]
Final da Comunicação: stop enviado
Programa finalizado.
-----------------------FIM----------------------

---------------------INICIO---------------------
Arranque:
2018-06-22 11:51:18.326
[COM:3 , Baud-rate:57600 , PA:200 microssegundos , PM:3000 milissegundos , NS:200 , PORTA_SOCKETS_SENSOR:0 , IP_GESTOR:127.0.0.1 , PORTA_SOCKETS_GESTOR7778 , PORTA_SOCKETS_CON61000]
Sensor real conectado!
Paragem na Comunicação: stop enviado

Inicio da Comunicação com sensores:

DATA: [Tipo:10 ; End.Ard:4 ; TS:7449 ; PM:3000 ; PA:200 ; NS:200]

DATA: [Tipo:10 ; End.Ard:4 ; TS:10449 ; PM:3000 ; PA:200 ; NS:200]
Paragem na Comunicação: stop enviado

Inicio da Comunicação com sensores:

DATA: [Tipo:10 ; End.Ard:4 ; TS:13856 ; PM:3000 ; PA:200 ; NS:200]
Final da Comunicação: stop enviado
Programa finalizado.
-----------------------FIM----------------------

---------------------INICIO---------------------
Arranque:
2018-06-22 12:00:50.099
[COM:3 , Baud-rate:57600 , PA:200 microssegundos , PM:3000 milissegundos , NS:200 , PORTA_SOCKETS_SENSOR:0 , IP_GESTOR:127.0.0.1 , PORTA_SOCKETS_GESTOR7778 , PORTA_SOCKETS_CON61000]
Sensor real conectado!
Paragem na Comunicação: stop enviado

Inicio da Comunicação com sensores:

DATA: [Tipo:10 ; End.Ard:4 ; TS:26554 ; PM:3000 ; PA:200 ; NS:200]

DATA: [Tipo:10 ; End.Ard:4 ; TS:29554 ; PM:3000 ; PA:200 ; NS:200]
Paragem na Comunicação: stop enviado

Inicio da Comunicação com sensores:

DATA: [Tipo:10 ; End.Ard:4 ; TS:31929 ; PM:3000 ; PA:200 ; NS:200]
Final da Comunicação: stop enviado
Programa finalizado.
-----------------------FIM----------------------

---------------------INICIO---------------------
Arranque:
2018-06-22 12:01:50.198
[COM:3 , Baud-rate:57600 , PA:200 microssegundos , PM:3000 milissegundos , NS:200 , PORTA_SOCKETS_SENSOR:0 , IP_GESTOR:127.0.0.1 , PORTA_SOCKETS_GESTOR7778 , PORTA_SOCKETS_CON61000]
Sensor real conectado!
Paragem na Comunicação: stop enviado

Inicio da Comunicação com sensores:
Paragem na Comunicação: stop enviado

Inicio da Comunicação com sensores:
---------------------INICIO---------------------
Arranque:
2018-06-22 12:02:29.286
[COM:3 , Baud-rate:57600 , PA:200 microssegundos , PM:3000 milissegundos , NS:200 , PORTA_SOCKETS_SENSOR:0 , IP_GESTOR:127.0.0.1 , PORTA_SOCKETS_GESTOR7778 , PORTA_SOCKETS_CON61000]
Sensor real conectado!
Paragem na Comunicação: stop enviado

Inicio da Comunicação com sensores:

DATA: [Tipo:10 ; End.Ard:4 ; TS:14686 ; PM:3000 ; PA:200 ; NS:200]

DATA: [Tipo:10 ; End.Ard:4 ; TS:17686 ; PM:3000 ; PA:200 ; NS:200]

DATA: [Tipo:10 ; End.Ard:4 ; TS:20686 ; PM:3000 ; PA:200 ; NS:200]
Paragem na Comunicação: stop enviado

Inicio da Comunicação com sensores:

DATA: [Tipo:10 ; End.Ard:4 ; TS:25139 ; PM:3000 ; PA:200 ; NS:200]

DATA: [Tipo:10 ; End.Ard:4 ; TS:28139 ; PM:3000 ; PA:200 ; NS:200]
Final da Comunicação: stop enviado
Programa finalizado.
-----------------------FIM----------------------

---------------------INICIO---------------------
Arranque:
2018-06-22 12:07:58.742
[COM:3 , Baud-rate:57600 , PA:200 microssegundos , PM:3000 milissegundos , NS:200 , PORTA_SOCKETS_SENSOR:0 , IP_GESTOR:127.0.0.1 , PORTA_SOCKETS_GESTOR7778 , PORTA_SOCKETS_CON61000]
Sensor real conectado!
Paragem na Comunicação: stop enviado

Inicio da Comunicação com sensores:

DATA: [Tipo:10 ; End.Ard:4 ; TS:4469 ; PM:3000 ; PA:200 ; NS:200]

DATA: [Tipo:10 ; End.Ard:4 ; TS:7469 ; PM:3000 ; PA:200 ; NS:200]
Final da Comunicação: stop enviado
Programa finalizado.
-----------------------FIM----------------------

---------------------INICIO---------------------
Arranque:
2018-06-22 12:10:26.638
[COM:3 , Baud-rate:57600 , PA:200 microssegundos , PM:3000 milissegundos , NS:200 , PORTA_SOCKETS_SENSOR:0 , IP_GESTOR:127.0.0.1 , PORTA_SOCKETS_GESTOR7778 , PORTA_SOCKETS_CON61000]
Sensor real conectado!
Paragem na Comunicação: stop enviado

Inicio da Comunicação com sensores:
Paragem na Comunicação: stop enviado

Inicio da Comunicação com sensores:
Final da Comunicação: stop enviado
Programa finalizado.
-----------------------FIM----------------------

---------------------INICIO---------------------
Arranque:
2018-06-22 12:10:53.138
[COM:3 , Baud-rate:57600 , PA:200 microssegundos , PM:3000 milissegundos , NS:200 , PORTA_SOCKETS_SENSOR:0 , IP_GESTOR:127.0.0.1 , PORTA_SOCKETS_GESTOR7778 , PORTA_SOCKETS_CON61000]
Sensor real conectado!
Paragem na Comunicação: stop enviado

Inicio da Comunicação com sensores:
Paragem na Comunicação: stop enviado

Inicio da Comunicação com sensores:
Final da Comunicação: stop enviado
Programa finalizado.
-----------------------FIM----------------------

---------------------INICIO---------------------
Arranque:
2018-06-22 12:11:25.877
[COM:3 , Baud-rate:57600 , PA:200 microssegundos , PM:3000 milissegundos , NS:200 , PORTA_SOCKETS_SENSOR:0 , IP_GESTOR:127.0.0.1 , PORTA_SOCKETS_GESTOR7778 , PORTA_SOCKETS_CON61000]
Sensor real conectado!
---------------------INICIO---------------------
Arranque:
2018-06-22 12:12:03.292
[COM:3 , Baud-rate:57600 , PA:200 microssegundos , PM:3000 milissegundos , NS:200 , PORTA_SOCKETS_SENSOR:0 , IP_GESTOR:127.0.0.1 , PORTA_SOCKETS_GESTOR7778 , PORTA_SOCKETS_CON61000]
Sensor real conectado!
Paragem na Comunicação: stop enviado

Inicio da Comunicação com sensores:
Paragem na Comunicação: stop enviado

Inicio da Comunicação com sensores:
---------------------INICIO---------------------
Arranque:
2018-06-22 12:12:35.795
[COM:3 , Baud-rate:57600 , PA:200 microssegundos , PM:3000 milissegundos , NS:200 , PORTA_SOCKETS_SENSOR:0 , IP_GESTOR:127.0.0.1 , PORTA_SOCKETS_GESTOR7778 , PORTA_SOCKETS_CON61000]
Sensor real conectado!
Paragem na Comunicação: stop enviado

Inicio da Comunicação com sensores:
Paragem na Comunicação: stop enviado

Inicio da Comunicação com sensores:
Paragem na Comunicação: stop enviado

Inicio da Comunicação com sensores:
Paragem na Comunicação: stop enviado

Inicio da Comunicação com sensores:
Paragem na Comunicação: stop enviado
---------------------INICIO---------------------
Arranque:
2018-06-22 12:13:56.993
[COM:3 , Baud-rate:57600 , PA:200 microssegundos , PM:3000 milissegundos , NS:200 , PORTA_SOCKETS_SENSOR:0 , IP_GESTOR:127.0.0.1 , PORTA_SOCKETS_GESTOR7778 , PORTA_SOCKETS_CON61000]
Sensor real conectado!
Paragem na Comunicação: stop enviado

Inicio da Comunicação com sensores:

DATA: [Tipo:10 ; End.Ard:4 ; TS:5892 ; PM:3000 ; PA:200 ; NS:200]

DATA: [Tipo:10 ; End.Ard:4 ; TS:8892 ; PM:3000 ; PA:200 ; NS:200]

DATA: [Tipo:10 ; End.Ard:4 ; TS:11892 ; PM:3000 ; PA:200 ; NS:200]

DATA: [Tipo:10 ; End.Ard:4 ; TS:14892 ; PM:3000 ; PA:200 ; NS:200]

DATA: [Tipo:10 ; End.Ard:4 ; TS:17892 ; PM:3000 ; PA:200 ; NS:200]

DATA: [Tipo:10 ; End.Ard:4 ; TS:20892 ; PM:3000 ; PA:200 ; NS:200]

DATA: [Tipo:10 ; End.Ard:4 ; TS:23892 ; PM:3000 ; PA:200 ; NS:200]
Final da Comunicação: stop enviado
Programa finalizado.
-----------------------FIM----------------------

---------------------INICIO---------------------
Arranque:
2018-06-22 12:22:19.453
[COM:3 , Baud-rate:57600 , PA:200 microssegundos , PM:3000 milissegundos , NS:200 , PORTA_SOCKETS_SENSOR:0 , IP_GESTOR:127.0.0.1 , PORTA_SOCKETS_GESTOR7778 , PORTA_SOCKETS_CON61000]
Sensor real conectado!
Paragem na Comunicação: stop enviado

Inicio da Comunicação com sensores:

DATA: [Tipo:10 ; End.Ard:4 ; TS:4887 ; PM:3000 ; PA:200 ; NS:200]

DATA: [Tipo:10 ; End.Ard:4 ; TS:7887 ; PM:3000 ; PA:200 ; NS:200]

DATA: [Tipo:10 ; End.Ard:4 ; TS:10887 ; PM:3000 ; PA:200 ; NS:200]

DATA: [Tipo:10 ; End.Ard:4 ; TS:13887 ; PM:3000 ; PA:200 ; NS:200]

DATA: [Tipo:10 ; End.Ard:4 ; TS:16887 ; PM:3000 ; PA:200 ; NS:200]
---------------------INICIO---------------------
Arranque:
2018-06-22 12:22:41.943
[COM:3 , Baud-rate:57600 , PA:200 microssegundos , PM:3000 milissegundos , NS:200 , PORTA_SOCKETS_SENSOR:0 , IP_GESTOR:127.0.0.1 , PORTA_SOCKETS_GESTOR7778 , PORTA_SOCKETS_CON61000]
Sensor real conectado!

DATA: [Tipo:10 ; End.Ard:4 ; TS:19887 ; PM:3000 ; PA:16718849 ; NS:27]
Paragem na Comunicação: stop enviado

Inicio da Comunicação com sensores:

DATA: [Tipo:10 ; End.Ard:4 ; TS:2628 ; PM:3000 ; PA:200 ; NS:200]

DATA: [Tipo:10 ; End.Ard:4 ; TS:5628 ; PM:3000 ; PA:200 ; NS:200]

DATA: [Tipo:10 ; End.Ard:4 ; TS:8628 ; PM:3000 ; PA:200 ; NS:200]

DATA: [Tipo:10 ; End.Ard:4 ; TS:11628 ; PM:3000 ; PA:200 ; NS:200]
Paragem na Comunicação: stop enviado

Inicio da Comunicação com sensores:

DATA: [Tipo:10 ; End.Ard:4 ; TS:15232 ; PM:3000 ; PA:200 ; NS:200]
Final da Comunicação: stop enviado
Programa finalizado.
-----------------------FIM----------------------

---------------------INICIO---------------------
Arranque:
2018-06-22 12:23:02.145
[COM:3 , Baud-rate:57600 , PA:200 microssegundos , PM:3000 milissegundos , NS:200 , PORTA_SOCKETS_SENSOR:0 , IP_GESTOR:127.0.0.1 , PORTA_SOCKETS_GESTOR7778 , PORTA_SOCKETS_CON61000]
Sensor real conectado!
---------------------INICIO---------------------
Arranque:
2018-06-22 12:24:07.023
[COM:3 , Baud-rate:57600 , PA:200 microssegundos , PM:3000 milissegundos , NS:200 , PORTA_SOCKETS_SENSOR:0 , IP_GESTOR:127.0.0.1 , PORTA_SOCKETS_GESTOR7778 , PORTA_SOCKETS_CON61000]
Sensor real conectado!
Paragem na Comunicação: stop enviado

Inicio da Comunicação com sensores:

DATA: [Tipo:10 ; End.Ard:4 ; TS:9570 ; PM:3000 ; PA:200 ; NS:200]

DATA: [Tipo:10 ; End.Ard:4 ; TS:12570 ; PM:3000 ; PA:200 ; NS:200]

DATA: [Tipo:10 ; End.Ard:4 ; TS:15570 ; PM:3000 ; PA:200 ; NS:200]

DATA: [Tipo:10 ; End.Ard:4 ; TS:18570 ; PM:3000 ; PA:200 ; NS:200]

DATA: [Tipo:10 ; End.Ard:4 ; TS:21570 ; PM:3000 ; PA:200 ; NS:200]
Final da Comunicação: stop enviado
Programa finalizado.
-----------------------FIM----------------------

---------------------INICIO---------------------
Arranque:
2018-06-22 12:24:50.839
[COM:3 , Baud-rate:57600 , PA:200 microssegundos , PM:3000 milissegundos , NS:200 , PORTA_SOCKETS_SENSOR:0 , IP_GESTOR:127.0.0.1 , PORTA_SOCKETS_GESTOR7778 , PORTA_SOCKETS_CON61000]
Sensor real conectado!
Paragem na Comunicação: stop enviado

Inicio da Comunicação com sensores:
Paragem na Comunicação: stop enviado

Inicio da Comunicação com sensores:
Paragem na Comunicação: stop enviado

Inicio da Comunicação com sensores:

DATA: [Tipo:10 ; End.Ard:4 ; TS:11021 ; PM:3000 ; PA:200 ; NS:200]

DATA: [Tipo:10 ; End.Ard:4 ; TS:14021 ; PM:3000 ; PA:200 ; NS:200]
Final da Comunicação: stop enviado
Programa finalizado.
-----------------------FIM----------------------

---------------------INICIO---------------------
Arranque:
2018-06-22 12:27:48.068
[COM:3 , Baud-rate:57600 , PA:200 microssegundos , PM:3000 milissegundos , NS:200 , PORTA_SOCKETS_SENSOR:0 , IP_GESTOR:127.0.0.1 , PORTA_SOCKETS_GESTOR7778 , PORTA_SOCKETS_CON61000]
Sensor real conectado!
Paragem na Comunicação: stop enviado

Inicio da Comunicação com sensores:

DATA: [Tipo:10 ; End.Ard:4 ; TS:5298 ; PM:3000 ; PA:200 ; NS:200]

DATA: [Tipo:10 ; End.Ard:4 ; TS:8298 ; PM:3000 ; PA:200 ; NS:200]
Final da Comunicação: stop enviado
Programa finalizado.
-----------------------FIM----------------------

---------------------INICIO---------------------
Arranque:
2018-06-22 12:29:07.942
[COM:3 , Baud-rate:57600 , PA:200 microssegundos , PM:3000 milissegundos , NS:200 , PORTA_SOCKETS_SENSOR:0 , IP_GESTOR:127.0.0.1 , PORTA_SOCKETS_GESTOR7778 , PORTA_SOCKETS_CON61000]
Sensor real conectado!
---------------------INICIO---------------------
Arranque:
2018-06-22 12:29:46.978
[COM:3 , Baud-rate:57600 , PA:200 microssegundos , PM:3000 milissegundos , NS:200 , PORTA_SOCKETS_SENSOR:0 , IP_GESTOR:127.0.0.1 , PORTA_SOCKETS_GESTOR7778 , PORTA_SOCKETS_CON61000]
Sensor real conectado!
Paragem na Comunicação: stop enviado

Inicio da Comunicação com sensores:
Paragem na Comunicação: stop enviado

Inicio da Comunicação com sensores:
Paragem na Comunicação: stop enviado

Inicio da Comunicação com sensores:
Final da Comunicação: stop enviado
Programa finalizado.
-----------------------FIM----------------------

---------------------INICIO---------------------
Arranque:
2018-06-22 12:30:10.232
[COM:3 , Baud-rate:57600 , PA:200 microssegundos , PM:3000 milissegundos , NS:200 , PORTA_SOCKETS_SENSOR:0 , IP_GESTOR:127.0.0.1 , PORTA_SOCKETS_GESTOR7778 , PORTA_SOCKETS_CON61000]
Sensor real conectado!
Paragem na Comunicação: stop enviado

Inicio da Comunicação com sensores:

DATA: [Tipo:10 ; End.Ard:4 ; TS:5561 ; PM:3000 ; PA:200 ; NS:200]

DATA: [Tipo:10 ; End.Ard:4 ; TS:8561 ; PM:3000 ; PA:200 ; NS:200]

DATA: [Tipo:10 ; End.Ard:4 ; TS:11561 ; PM:3000 ; PA:200 ; NS:200]

DATA: [Tipo:10 ; End.Ard:4 ; TS:14561 ; PM:3000 ; PA:200 ; NS:200]

DATA: [Tipo:10 ; End.Ard:4 ; TS:17561 ; PM:3000 ; PA:200 ; NS:200]

DATA: [Tipo:10 ; End.Ard:4 ; TS:20561 ; PM:3000 ; PA:200 ; NS:200]
Final da Comunicação: stop enviado
Programa finalizado.
-----------------------FIM----------------------

---------------------INICIO---------------------
Arranque:
2018-06-22 12:31:18.398
[COM:3 , Baud-rate:57600 , PA:200 microssegundos , PM:3000 milissegundos , NS:200 , PORTA_SOCKETS_SENSOR:0 , IP_GESTOR:127.0.0.1 , PORTA_SOCKETS_GESTOR7778 , PORTA_SOCKETS_CON61000]
Sensor real conectado!
---------------------INICIO---------------------
Arranque:
2018-06-22 12:36:09.510
[COM:3 , Baud-rate:57600 , PA:200 microssegundos , PM:3000 milissegundos , NS:200 , PORTA_SOCKETS_SENSOR:0 , IP_GESTOR:127.0.0.1 , PORTA_SOCKETS_GESTOR7778 , PORTA_SOCKETS_CON61000]
Sensor real conectado!
Paragem na Comunicação: stop enviado
Paragem na Comunicação: stop enviado

Inicio da Comunicação com sensores:

DATA: [Tipo:10 ; End.Ard:4 ; TS:5494 ; PM:3000 ; PA:200 ; NS:200]

DATA: [Tipo:10 ; End.Ard:4 ; TS:8494 ; PM:3000 ; PA:200 ; NS:200]

DATA: [Tipo:10 ; End.Ard:4 ; TS:11494 ; PM:3000 ; PA:200 ; NS:200]
---------------------INICIO---------------------
Arranque:
2018-06-22 12:36:47.327
[COM:3 , Baud-rate:57600 , PA:200 microssegundos , PM:3000 milissegundos , NS:200 , PORTA_SOCKETS_SENSOR:0 , IP_GESTOR:127.0.0.1 , PORTA_SOCKETS_GESTOR7778 , PORTA_SOCKETS_CON61000]
Sensor real conectado!
---------------------INICIO---------------------
Arranque:
2018-06-22 12:37:02.543
[COM:3 , Baud-rate:57600 , PA:200 microssegundos , PM:3000 milissegundos , NS:200 , PORTA_SOCKETS_SENSOR:0 , IP_GESTOR:127.0.0.1 , PORTA_SOCKETS_GESTOR7778 , PORTA_SOCKETS_CON61000]
Sensor real conectado!

DATA: [Tipo:10 ; End.Ard:4 ; TS:2350 ; PM:3000 ; PA:200 ; NS:200]

DATA: [Tipo:10 ; End.Ard:4 ; TS:5350 ; PM:3000 ; PA:200 ; NS:200]

DATA: [Tipo:10 ; End.Ard:4 ; TS:8350 ; PM:3000 ; PA:200 ; NS:200]

DATA: [Tipo:10 ; End.Ard:4 ; TS:11350 ; PM:3000 ; PA:200 ; NS:200]

DATA: [Tipo:10 ; End.Ard:4 ; TS:14350 ; PM:3000 ; PA:200 ; NS:200]

DATA: [Tipo:10 ; End.Ard:4 ; TS:17350 ; PM:3000 ; PA:200 ; NS:200]

DATA: [Tipo:10 ; End.Ard:4 ; TS:20350 ; PM:3000 ; PA:200 ; NS:200]
---------------------INICIO---------------------
Arranque:
2018-06-22 12:37:48.728
[COM:3 , Baud-rate:57600 , PA:200 microssegundos , PM:3000 milissegundos , NS:200 , PORTA_SOCKETS_SENSOR:0 , IP_GESTOR:127.0.0.1 , PORTA_SOCKETS_GESTOR7778 , PORTA_SOCKETS_CON61000]
Sensor real conectado!

DATA: [Tipo:10 ; End.Ard:4 ; TS:1949 ; PM:3000 ; PA:200 ; NS:200]

DATA: [Tipo:10 ; End.Ard:4 ; TS:4949 ; PM:3000 ; PA:200 ; NS:200]

DATA: [Tipo:10 ; End.Ard:4 ; TS:7949 ; PM:3000 ; PA:200 ; NS:200]

DATA: [Tipo:10 ; End.Ard:4 ; TS:10949 ; PM:3000 ; PA:200 ; NS:200]

DATA: [Tipo:10 ; End.Ard:4 ; TS:13949 ; PM:3000 ; PA:200 ; NS:200]

DATA: [Tipo:10 ; End.Ard:4 ; TS:16949 ; PM:3000 ; PA:200 ; NS:200]

DATA: [Tipo:10 ; End.Ard:4 ; TS:19949 ; PM:3000 ; PA:200 ; NS:200]
Final da Comunicação: stop enviado
Programa finalizado.
-----------------------FIM----------------------

